android/app/build/intermediates/manifest_merge_blame_file/debug/manifest-merger-blame-debug-report.txt
1<?xml version="1.0" encoding="utf-8"?>
2<manifest xmlns:android="http://schemas.android.com/apk/res/android"
3    package="com.example.app"
4    android:versionCode="1"
5    android:versionName="1.0" >
6
7    <uses-sdk
8        android:minSdkVersion="22"
8-->src/main/AndroidManifest.xml
9        android:targetSdkVersion="32" />
9-->src/main/AndroidManifest.xml
10
11    <!-- Permissions -->
12
13    <uses-permission android:name="android.permission.INTERNET" />
13-->src/main/AndroidManifest.xml:41:5-67
13-->src/main/AndroidManifest.xml:41:22-64
14
15    <queries>
15-->[:capacitor-camera] AndroidManifest.xml:9:5-13:15
16        <intent>
16-->[:capacitor-camera] AndroidManifest.xml:10:9-12:18
17            <action android:name="android.media.action.IMAGE_CAPTURE" />
17-->[:capacitor-camera] AndroidManifest.xml:11:13-73
17-->[:capacitor-camera] AndroidManifest.xml:11:21-70
18        </intent>
19    </queries>
20
21    <application
21-->src/main/AndroidManifest.xml:5:5-37:19
22        android:allowBackup="true"
22-->src/main/AndroidManifest.xml:6:9-35
23        android:appComponentFactory="androidx.core.app.CoreComponentFactory"
23-->[androidx.core:core:1.8.0] AndroidManifest.xml:24:18-86
24        android:debuggable="true"
25        android:icon="@mipmap/ic_launcher"
25-->src/main/AndroidManifest.xml:7:9-43
26        android:label="@string/app_name"
26-->src/main/AndroidManifest.xml:8:9-41
27        android:roundIcon="@mipmap/ic_launcher_round"
27-->src/main/AndroidManifest.xml:9:9-54
28        android:supportsRtl="true"
28-->src/main/AndroidManifest.xml:10:9-35
29        android:theme="@style/AppTheme" >
29-->src/main/AndroidManifest.xml:11:9-40
30        <activity
30-->src/main/AndroidManifest.xml:13:9-26:20
31            android:name="com.example.app.MainActivity"
31-->src/main/AndroidManifest.xml:15:13-56
32            android:configChanges="orientation|keyboardHidden|keyboard|screenSize|locale|smallestScreenSize|screenLayout|uiMode"
32-->src/main/AndroidManifest.xml:14:13-129
33            android:exported="true"
33-->src/main/AndroidManifest.xml:19:13-36
34            android:label="@string/title_activity_main"
34-->src/main/AndroidManifest.xml:16:13-56
35            android:launchMode="singleTask"
35-->src/main/AndroidManifest.xml:18:13-44
36            android:theme="@style/AppTheme.NoActionBarLaunch" >
36-->src/main/AndroidManifest.xml:17:13-62
37            <intent-filter>
37-->src/main/AndroidManifest.xml:21:13-24:29
38                <action android:name="android.intent.action.MAIN" />
38-->src/main/AndroidManifest.xml:22:17-69
38-->src/main/AndroidManifest.xml:22:25-66
39
40                <category android:name="android.intent.category.LAUNCHER" />
40-->src/main/AndroidManifest.xml:23:17-77
40-->src/main/AndroidManifest.xml:23:27-74
41            </intent-filter>
42        </activity>
43
44        <provider
45            android:name="androidx.core.content.FileProvider"
45-->src/main/AndroidManifest.xml:29:13-62
46            android:authorities="com.example.app.fileprovider"
46-->src/main/AndroidManifest.xml:30:13-64
47            android:exported="false"
47-->src/main/AndroidManifest.xml:31:13-37
48            android:grantUriPermissions="true" >
48-->src/main/AndroidManifest.xml:32:13-47
49            <meta-data
49-->src/main/AndroidManifest.xml:33:13-35:64
50                android:name="android.support.FILE_PROVIDER_PATHS"
50-->src/main/AndroidManifest.xml:34:17-67
51                android:resource="@xml/file_paths" />
51-->src/main/AndroidManifest.xml:35:17-51
52        </provider>
53        <provider
53-->[androidx.emoji2:emoji2:1.0.0] AndroidManifest.xml:26:9-34:20
54            android:name="androidx.startup.InitializationProvider"
54-->[androidx.emoji2:emoji2:1.0.0] AndroidManifest.xml:27:13-67
55            android:authorities="com.example.app.androidx-startup"
55-->[androidx.emoji2:emoji2:1.0.0] AndroidManifest.xml:28:13-68
56            android:exported="false" >
56-->[androidx.emoji2:emoji2:1.0.0] AndroidManifest.xml:29:13-37
57            <meta-data
57-->[androidx.emoji2:emoji2:1.0.0] AndroidManifest.xml:31:13-33:52
58                android:name="androidx.emoji2.text.EmojiCompatInitializer"
58-->[androidx.emoji2:emoji2:1.0.0] AndroidManifest.xml:32:17-75
59                android:value="androidx.startup" />
59-->[androidx.emoji2:emoji2:1.0.0] AndroidManifest.xml:33:17-49
60            <meta-data
60-->[androidx.lifecycle:lifecycle-process:2.4.0] AndroidManifest.xml:31:13-33:52
61                android:name="androidx.lifecycle.ProcessLifecycleInitializer"
61-->[androidx.lifecycle:lifecycle-process:2.4.0] AndroidManifest.xml:32:17-78
62                android:value="androidx.startup" />
62-->[androidx.lifecycle:lifecycle-process:2.4.0] AndroidManifest.xml:33:17-49
63        </provider>
64    </application>
65
66</manifest>